2025-01-13 10:31:23 ["mh6eqai0q96h9"] Context NOTICE: --------- Starting SPARQL micro-service --------
2025-01-13 10:31:23 ["mh6eqai0q96h9"] service NOTICE: Query parameter (html special chars encoded) 'service': pokemon/getPokemon
2025-01-13 10:31:23 ["mh6eqai0q96h9"] Utils WARNING: service pokemon/getPokemon not found.
2025-01-13 10:31:23 ["mh6eqai0q96h9"] Utils NOTICE: --------- Done - SPARQL µS execution --------
2025-01-13 10:31:57 ["bblq9j48corkj"] Context NOTICE: --------- Starting SPARQL micro-service --------
2025-01-13 10:31:57 ["bblq9j48corkj"] service NOTICE: Query parameter (html special chars encoded) 'service': JO/getInfosStade
2025-01-13 10:31:57 ["bblq9j48corkj"] service NOTICE: Query parameter (html special chars encoded) 'querymode': sparql
2025-01-13 10:31:57 ["bblq9j48corkj"] Utils NOTICE: Query HTTP header "Content-Type" undefined.
2025-01-13 10:31:57 ["bblq9j48corkj"] Utils NOTICE: Query HTTP header "Accept": */*
2025-01-13 10:31:57 ["bblq9j48corkj"] service NOTICE: Client SPARQL query (html special chars encoded):
ASK {?x ?y ?z}
2025-01-13 10:31:57 ["bblq9j48corkj"] service ERROR: Exception: No service description found for service <http://localhost/service/JO/getInfosStade/>. in /var/www/sparql-ms/src/common/Configuration.php:105
Stack trace:
#0 /var/www/sparql-ms/src/common/Context.php(196): frmichel\sparqlms\common\Configuration::getCustomConfig()
#1 /var/www/sparql-ms/src/sparqlms/service.php(100): frmichel\sparqlms\common\Context->readCustomConfig()
#2 {main}

2025-01-13 10:31:57 ["bblq9j48corkj"] service NOTICE: Returning HTTP status 500.

2025-01-13 10:31:57 ["bblq9j48corkj"] service NOTICE: --------- Done - SPARQL ÂµS execution --------
2025-01-13 10:31:59 ["3o8h7m8h0itf2"] Context NOTICE: --------- Starting SPARQL micro-service --------
2025-01-13 10:31:59 ["3o8h7m8h0itf2"] service NOTICE: Query parameter (html special chars encoded) 'service': JO/getInfosStade
2025-01-13 10:31:59 ["3o8h7m8h0itf2"] service NOTICE: Query parameter (html special chars encoded) 'querymode': sparql
2025-01-13 10:31:59 ["3o8h7m8h0itf2"] Utils NOTICE: Query HTTP header "Content-Type": application/x-www-form-urlencoded
2025-01-13 10:31:59 ["3o8h7m8h0itf2"] Utils NOTICE: Query HTTP header "Accept": application/sparql-results+json,*/*;q=0.9
2025-01-13 10:31:59 ["3o8h7m8h0itf2"] service NOTICE: Client SPARQL query (html special chars encoded):
PREFIX rdf: &lt;http://www.w3.org/1999/02/22-rdf-syntax-ns#&gt;
PREFIX rdfs: &lt;http://www.w3.org/2000/01/rdf-schema#&gt;
SELECT * WHERE {
  ?sub ?pred ?obj .
} LIMIT 10
2025-01-13 10:31:59 ["3o8h7m8h0itf2"] service ERROR: Exception: No service description found for service <http://localhost/service/JO/getInfosStade/>. in /var/www/sparql-ms/src/common/Configuration.php:105
Stack trace:
#0 /var/www/sparql-ms/src/common/Context.php(196): frmichel\sparqlms\common\Configuration::getCustomConfig()
#1 /var/www/sparql-ms/src/sparqlms/service.php(100): frmichel\sparqlms\common\Context->readCustomConfig()
#2 {main}

2025-01-13 10:31:59 ["3o8h7m8h0itf2"] service NOTICE: Returning HTTP status 500.

2025-01-13 10:31:59 ["3o8h7m8h0itf2"] service NOTICE: --------- Done - SPARQL ÂµS execution --------
2025-01-13 10:32:49 ["ecej4442simcd"] Context NOTICE: --------- Starting SPARQL micro-service --------
2025-01-13 10:32:49 ["ecej4442simcd"] service NOTICE: Query parameter (html special chars encoded) 'service': JO/getInfosStade
2025-01-13 10:32:49 ["ecej4442simcd"] service NOTICE: Query parameter (html special chars encoded) 'querymode': sparql
2025-01-13 10:32:49 ["ecej4442simcd"] Utils NOTICE: Query HTTP header "Content-Type": application/x-www-form-urlencoded
2025-01-13 10:32:49 ["ecej4442simcd"] Utils NOTICE: Query HTTP header "Accept": application/sparql-results+json,*/*;q=0.9
2025-01-13 10:32:49 ["ecej4442simcd"] service NOTICE: Client SPARQL query (html special chars encoded):
PREFIX rdf: &lt;http://www.w3.org/1999/02/22-rdf-syntax-ns#&gt;
PREFIX rdfs: &lt;http://www.w3.org/2000/01/rdf-schema#&gt;
SELECT * WHERE {
  ?sub ?pred ?obj .
} LIMIT 10
2025-01-13 10:32:49 ["ecej4442simcd"] service ERROR: Exception: No service description found for service <http://localhost/service/JO/getInfosStade/>. in /var/www/sparql-ms/src/common/Configuration.php:105
Stack trace:
#0 /var/www/sparql-ms/src/common/Context.php(196): frmichel\sparqlms\common\Configuration::getCustomConfig()
#1 /var/www/sparql-ms/src/sparqlms/service.php(100): frmichel\sparqlms\common\Context->readCustomConfig()
#2 {main}

2025-01-13 10:32:49 ["ecej4442simcd"] service NOTICE: Returning HTTP status 500.

2025-01-13 10:32:49 ["ecej4442simcd"] service NOTICE: --------- Done - SPARQL ÂµS execution --------
2025-01-13 10:32:50 ["hnd1g1mqc8aqv"] Context NOTICE: --------- Starting SPARQL micro-service --------
2025-01-13 10:32:50 ["hnd1g1mqc8aqv"] service NOTICE: Query parameter (html special chars encoded) 'service': JO/getInfosStade
2025-01-13 10:32:50 ["hnd1g1mqc8aqv"] service NOTICE: Query parameter (html special chars encoded) 'querymode': sparql
2025-01-13 10:32:50 ["hnd1g1mqc8aqv"] Utils NOTICE: Query HTTP header "Content-Type": application/x-www-form-urlencoded
2025-01-13 10:32:50 ["hnd1g1mqc8aqv"] Utils NOTICE: Query HTTP header "Accept": application/sparql-results+json,*/*;q=0.9
2025-01-13 10:32:50 ["hnd1g1mqc8aqv"] service NOTICE: Client SPARQL query (html special chars encoded):
PREFIX rdf: &lt;http://www.w3.org/1999/02/22-rdf-syntax-ns#&gt;
PREFIX rdfs: &lt;http://www.w3.org/2000/01/rdf-schema#&gt;
SELECT * WHERE {
  ?sub ?pred ?obj .
} LIMIT 10
2025-01-13 10:32:50 ["hnd1g1mqc8aqv"] service ERROR: Exception: No service description found for service <http://localhost/service/JO/getInfosStade/>. in /var/www/sparql-ms/src/common/Configuration.php:105
Stack trace:
#0 /var/www/sparql-ms/src/common/Context.php(196): frmichel\sparqlms\common\Configuration::getCustomConfig()
#1 /var/www/sparql-ms/src/sparqlms/service.php(100): frmichel\sparqlms\common\Context->readCustomConfig()
#2 {main}

2025-01-13 10:32:50 ["hnd1g1mqc8aqv"] service NOTICE: Returning HTTP status 500.

2025-01-13 10:32:50 ["hnd1g1mqc8aqv"] service NOTICE: --------- Done - SPARQL ÂµS execution --------
2025-01-13 10:35:22 ["crrhb5ud0vl2e"] Context NOTICE: --------- Starting SPARQL micro-service --------
2025-01-13 10:35:22 ["crrhb5ud0vl2e"] service NOTICE: Query parameter (html special chars encoded) 'service': JO/getInfosStade
2025-01-13 10:35:22 ["crrhb5ud0vl2e"] service NOTICE: Query parameter (html special chars encoded) 'querymode': sparql
2025-01-13 10:35:22 ["crrhb5ud0vl2e"] Utils NOTICE: Query HTTP header "Content-Type": application/x-www-form-urlencoded
2025-01-13 10:35:22 ["crrhb5ud0vl2e"] Utils NOTICE: Query HTTP header "Accept": application/sparql-results+json,*/*;q=0.9
2025-01-13 10:35:22 ["crrhb5ud0vl2e"] service NOTICE: Client SPARQL query (html special chars encoded):
PREFIX rdf: &lt;http://www.w3.org/1999/02/22-rdf-syntax-ns#&gt;
PREFIX rdfs: &lt;http://www.w3.org/2000/01/rdf-schema#&gt;
SELECT * WHERE {
  ?sub ?pred ?obj .
} LIMIT 10
2025-01-13 10:35:22 ["crrhb5ud0vl2e"] service ERROR: Exception: No service description found for service <http://localhost/service/JO/getInfosStade/>. in /var/www/sparql-ms/src/common/Configuration.php:105
Stack trace:
#0 /var/www/sparql-ms/src/common/Context.php(196): frmichel\sparqlms\common\Configuration::getCustomConfig()
#1 /var/www/sparql-ms/src/sparqlms/service.php(100): frmichel\sparqlms\common\Context->readCustomConfig()
#2 {main}

2025-01-13 10:35:22 ["crrhb5ud0vl2e"] service NOTICE: Returning HTTP status 500.

2025-01-13 10:35:22 ["crrhb5ud0vl2e"] service NOTICE: --------- Done - SPARQL ÂµS execution --------
2025-01-13 10:35:25 ["r681ctd9gq5of"] Context NOTICE: --------- Starting SPARQL micro-service --------
2025-01-13 10:35:25 ["r681ctd9gq5of"] service NOTICE: Query parameter (html special chars encoded) 'service': JO/getInfosStade
2025-01-13 10:35:25 ["r681ctd9gq5of"] service NOTICE: Query parameter (html special chars encoded) 'querymode': sparql
2025-01-13 10:35:25 ["r681ctd9gq5of"] Utils NOTICE: Query HTTP header "Content-Type": application/x-www-form-urlencoded
2025-01-13 10:35:25 ["r681ctd9gq5of"] Utils NOTICE: Query HTTP header "Accept": application/sparql-results+json,*/*;q=0.9
2025-01-13 10:35:25 ["r681ctd9gq5of"] service NOTICE: Client SPARQL query (html special chars encoded):
PREFIX rdf: &lt;http://www.w3.org/1999/02/22-rdf-syntax-ns#&gt;
PREFIX rdfs: &lt;http://www.w3.org/2000/01/rdf-schema#&gt;
SELECT * WHERE {
  ?sub ?pred ?obj .
} LIMIT 10
2025-01-13 10:35:25 ["r681ctd9gq5of"] service ERROR: Exception: No service description found for service <http://localhost/service/JO/getInfosStade/>. in /var/www/sparql-ms/src/common/Configuration.php:105
Stack trace:
#0 /var/www/sparql-ms/src/common/Context.php(196): frmichel\sparqlms\common\Configuration::getCustomConfig()
#1 /var/www/sparql-ms/src/sparqlms/service.php(100): frmichel\sparqlms\common\Context->readCustomConfig()
#2 {main}

2025-01-13 10:35:25 ["r681ctd9gq5of"] service NOTICE: Returning HTTP status 500.

2025-01-13 10:35:25 ["r681ctd9gq5of"] service NOTICE: --------- Done - SPARQL ÂµS execution --------
2025-01-13 10:36:39 ["4g5pt48l6uf44"] Context NOTICE: --------- Starting SPARQL micro-service --------
2025-01-13 10:36:39 ["4g5pt48l6uf44"] service NOTICE: Query parameter (html special chars encoded) 'service': JO/getInfosStade
2025-01-13 10:36:39 ["4g5pt48l6uf44"] service NOTICE: Query parameter (html special chars encoded) 'querymode': sparql
2025-01-13 10:36:39 ["4g5pt48l6uf44"] Utils NOTICE: Query HTTP header "Content-Type": application/x-www-form-urlencoded
2025-01-13 10:36:39 ["4g5pt48l6uf44"] Utils NOTICE: Query HTTP header "Accept": application/sparql-results+json,*/*;q=0.9
2025-01-13 10:36:39 ["4g5pt48l6uf44"] service NOTICE: Client SPARQL query (html special chars encoded):
PREFIX rdf: &lt;http://www.w3.org/1999/02/22-rdf-syntax-ns#&gt;
PREFIX rdfs: &lt;http://www.w3.org/2000/01/rdf-schema#&gt;
SELECT * WHERE {
  ?sub ?pred ?obj .
} LIMIT 10
2025-01-13 10:36:39 ["4g5pt48l6uf44"] service NOTICE: Will query the Web API with arguments: Array
(
    [name] => Stade de France
)

2025-01-13 10:36:39 ["4g5pt48l6uf44"] service NOTICE: Web API query string: https://equipements.sports.gouv.fr/api/explore/v2.1/catalog/datasets/data-es/records?where=inst_nom%20like%20%22Stade%20de%20France%22
2025-01-13 10:36:55 ["4g5pt48l6uf44"] Utils WARNING: ML\JsonLD\Exception\JsonLdException: Unable to load the remote document "/services/JO/getInfosStade/profile.jsonld". in /var/www/sparql-ms/vendor/ml/json-ld/FileGetContentsLoader.php:62
Stack trace:
#0 /var/www/sparql-ms/vendor/ml/json-ld/JsonLD.php(667): ML\JsonLD\FileGetContentsLoader->loadDocument()
#1 /var/www/sparql-ms/vendor/ml/json-ld/JsonLD.php(409): ML\JsonLD\JsonLD::mergeOptions()
#2 /var/www/sparql-ms/src/common/Utils.php(223): ML\JsonLD\JsonLD::toRdf()
#3 /var/www/sparql-ms/src/sparqlms/service.php(244): frmichel\sparqlms\common\Utils::translateJsonToNQuads()
#4 /var/www/sparql-ms/src/sparqlms/service.php(171): frmichel\sparqlms\queryWebAPIAndGenerateTriples()
#5 {main}
2025-01-13 10:36:55 ["4g5pt48l6uf44"] service ERROR: Exception: Cannot query the Web API or transform its response to JSON-LD. in /var/www/sparql-ms/src/common/Utils.php:237
Stack trace:
#0 /var/www/sparql-ms/src/sparqlms/service.php(244): frmichel\sparqlms\common\Utils::translateJsonToNQuads()
#1 /var/www/sparql-ms/src/sparqlms/service.php(171): frmichel\sparqlms\queryWebAPIAndGenerateTriples()
#2 {main}

2025-01-13 10:36:55 ["4g5pt48l6uf44"] service NOTICE: Returning HTTP status 500.

2025-01-13 10:36:55 ["4g5pt48l6uf44"] service NOTICE: --------- Done - SPARQL ÂµS execution --------
2025-01-13 10:41:45 ["87aesohnfjrva"] Context NOTICE: --------- Starting SPARQL micro-service --------
2025-01-13 10:41:45 ["87aesohnfjrva"] service NOTICE: Query parameter (html special chars encoded) 'service': JO/getInfosStade
2025-01-13 10:41:45 ["87aesohnfjrva"] service NOTICE: Query parameter (html special chars encoded) 'querymode': sparql
2025-01-13 10:41:45 ["87aesohnfjrva"] Utils NOTICE: Query HTTP header "Content-Type": application/x-www-form-urlencoded
2025-01-13 10:41:45 ["87aesohnfjrva"] Utils NOTICE: Query HTTP header "Accept": application/sparql-results+json,*/*;q=0.9
2025-01-13 10:41:45 ["87aesohnfjrva"] service NOTICE: Client SPARQL query (html special chars encoded):
PREFIX rdf: &lt;http://www.w3.org/1999/02/22-rdf-syntax-ns#&gt;
PREFIX rdfs: &lt;http://www.w3.org/2000/01/rdf-schema#&gt;
SELECT * WHERE {
  ?sub ?pred ?obj .
} LIMIT 10
2025-01-13 10:41:45 ["87aesohnfjrva"] service NOTICE: Will query the Web API with arguments: Array
(
    [name] => Stade de France
)

2025-01-13 10:41:45 ["87aesohnfjrva"] service NOTICE: Web API query string: https://equipements.sports.gouv.fr/api/explore/v2.1/catalog/datasets/data-es/records?where=inst_nom%20like%20%22Stade%20de%20France%22
2025-01-13 10:41:46 ["87aesohnfjrva"] service NOTICE: Executing default SPARQL CONSTRUCT query
2025-01-13 10:41:47 ["87aesohnfjrva"] service NOTICE: Evaluating client SPARQL query against temporary graph...
2025-01-13 10:41:47 ["87aesohnfjrva"] service NOTICE: Sending response with Content-Type: application/sparql-results+json
2025-01-13 10:41:47 ["87aesohnfjrva"] service NOTICE: --------- Done - SPARQL ÂµS execution --------
2025-01-13 10:42:15 ["1lbeklhde0eh6"] Context NOTICE: --------- Starting SPARQL micro-service --------
2025-01-13 10:42:15 ["1lbeklhde0eh6"] service NOTICE: Query parameter (html special chars encoded) 'service': JO/getInfosStade
2025-01-13 10:42:15 ["1lbeklhde0eh6"] service NOTICE: Query parameter (html special chars encoded) 'querymode': sparql
2025-01-13 10:42:15 ["1lbeklhde0eh6"] Utils NOTICE: Query HTTP header "Content-Type" undefined.
2025-01-13 10:42:15 ["1lbeklhde0eh6"] Utils NOTICE: Query HTTP header "Accept": */*
2025-01-13 10:42:15 ["1lbeklhde0eh6"] service NOTICE: Client SPARQL query (html special chars encoded):
ASK {?x ?y ?z}
2025-01-13 10:42:15 ["1lbeklhde0eh6"] service NOTICE: Will query the Web API with arguments: Array
(
    [name] => "Stade de France"
)

2025-01-13 10:42:15 ["1lbeklhde0eh6"] service NOTICE: Web API query string: https://equipements.sports.gouv.fr/api/explore/v2.1/catalog/datasets/data-es/records?where=inst_nom%20like%20%22%22Stade%20de%20France%22%22
2025-01-13 10:42:18 ["1lbeklhde0eh6"] service NOTICE: Executing default SPARQL CONSTRUCT query
2025-01-13 10:42:18 ["1lbeklhde0eh6"] service NOTICE: Evaluating client SPARQL query against temporary graph...
2025-01-13 10:42:18 ["1lbeklhde0eh6"] service NOTICE: Sending response with Content-Type: application/sparql-results+xml
2025-01-13 10:42:18 ["1lbeklhde0eh6"] service NOTICE: --------- Done - SPARQL ÂµS execution --------
2025-01-13 10:42:41 ["2arciri27g2q5"] Context NOTICE: --------- Starting SPARQL micro-service --------
2025-01-13 10:42:41 ["2arciri27g2q5"] service NOTICE: Query parameter (html special chars encoded) 'service': JO/getInfosStade
2025-01-13 10:42:41 ["2arciri27g2q5"] service NOTICE: Query parameter (html special chars encoded) 'querymode': sparql
2025-01-13 10:42:41 ["2arciri27g2q5"] Utils NOTICE: Query HTTP header "Content-Type": application/x-www-form-urlencoded
2025-01-13 10:42:41 ["2arciri27g2q5"] Utils NOTICE: Query HTTP header "Accept": application/sparql-results+json,*/*;q=0.9
2025-01-13 10:42:41 ["2arciri27g2q5"] service NOTICE: Client SPARQL query (html special chars encoded):
PREFIX rdf: &lt;http://www.w3.org/1999/02/22-rdf-syntax-ns#&gt;
PREFIX rdfs: &lt;http://www.w3.org/2000/01/rdf-schema#&gt;
SELECT * WHERE {
  ?sub ?pred ?obj .
} LIMIT 10
2025-01-13 10:42:41 ["2arciri27g2q5"] service NOTICE: Will query the Web API with arguments: Array
(
    [name] => "Stade de France"
)

2025-01-13 10:42:41 ["2arciri27g2q5"] service NOTICE: Web API query string: https://equipements.sports.gouv.fr/api/explore/v2.1/catalog/datasets/data-es/records?where=inst_nom%20like%20%22Stade%20de%20France%22
2025-01-13 10:42:42 ["2arciri27g2q5"] service NOTICE: Executing default SPARQL CONSTRUCT query
2025-01-13 10:42:43 ["2arciri27g2q5"] service NOTICE: Evaluating client SPARQL query against temporary graph...
2025-01-13 10:42:43 ["2arciri27g2q5"] service NOTICE: Sending response with Content-Type: application/sparql-results+json
2025-01-13 10:42:43 ["2arciri27g2q5"] service NOTICE: --------- Done - SPARQL ÂµS execution --------
2025-01-13 10:42:57 ["9lil6pmjd90c7"] Context NOTICE: --------- Starting SPARQL micro-service --------
2025-01-13 10:42:58 ["9lil6pmjd90c7"] service NOTICE: Query parameter (html special chars encoded) 'service': JO/getInfosStade
2025-01-13 10:42:58 ["9lil6pmjd90c7"] service NOTICE: Query parameter (html special chars encoded) 'querymode': sparql
2025-01-13 10:42:58 ["9lil6pmjd90c7"] Utils NOTICE: Query HTTP header "Content-Type": application/x-www-form-urlencoded
2025-01-13 10:42:58 ["9lil6pmjd90c7"] Utils NOTICE: Query HTTP header "Accept": application/sparql-results+json,*/*;q=0.9
2025-01-13 10:42:58 ["9lil6pmjd90c7"] service NOTICE: Client SPARQL query (html special chars encoded):
PREFIX rdf: &lt;http://www.w3.org/1999/02/22-rdf-syntax-ns#&gt;
PREFIX rdfs: &lt;http://www.w3.org/2000/01/rdf-schema#&gt;
SELECT * WHERE {
  ?sub ?pred ?obj .
}
2025-01-13 10:42:58 ["9lil6pmjd90c7"] service NOTICE: Will query the Web API with arguments: Array
(
    [name] => "Stade de France"
)

2025-01-13 10:42:58 ["9lil6pmjd90c7"] service NOTICE: Web API query string: https://equipements.sports.gouv.fr/api/explore/v2.1/catalog/datasets/data-es/records?where=inst_nom%20like%20%22Stade%20de%20France%22
2025-01-13 10:42:58 ["9lil6pmjd90c7"] service NOTICE: Executing default SPARQL CONSTRUCT query
2025-01-13 10:42:58 ["9lil6pmjd90c7"] service NOTICE: Evaluating client SPARQL query against temporary graph...
2025-01-13 10:42:58 ["9lil6pmjd90c7"] service NOTICE: Sending response with Content-Type: application/sparql-results+json
2025-01-13 10:42:59 ["9lil6pmjd90c7"] service NOTICE: --------- Done - SPARQL ÂµS execution --------
2025-01-13 11:01:31 ["pkil75b8a7uh2"] Context NOTICE: --------- Starting SPARQL micro-service --------
2025-01-13 11:01:31 ["pkil75b8a7uh2"] service NOTICE: Query parameter (html special chars encoded) 'service': JO/getInfosStade
2025-01-13 11:01:31 ["pkil75b8a7uh2"] service NOTICE: Query parameter (html special chars encoded) 'querymode': sparql
2025-01-13 11:01:31 ["pkil75b8a7uh2"] Utils NOTICE: Query HTTP header "Content-Type": application/x-www-form-urlencoded
2025-01-13 11:01:31 ["pkil75b8a7uh2"] Utils NOTICE: Query HTTP header "Accept": application/sparql-results+json,*/*;q=0.9
2025-01-13 11:01:31 ["pkil75b8a7uh2"] service NOTICE: Client SPARQL query (html special chars encoded):
PREFIX rdf: &lt;http://www.w3.org/1999/02/22-rdf-syntax-ns#&gt;
PREFIX rdfs: &lt;http://www.w3.org/2000/01/rdf-schema#&gt;
SELECT * WHERE {
  ?sub ?pred ?obj .
}
2025-01-13 11:01:31 ["pkil75b8a7uh2"] service NOTICE: Will query the Web API with arguments: Array
(
    [name] => "Stade de France"
)

2025-01-13 11:01:31 ["pkil75b8a7uh2"] service NOTICE: Web API query string: https://equipements.sports.gouv.fr/api/explore/v2.1/catalog/datasets/data-es/records?where=inst_nom=%22Stade%20de%20France%22
2025-01-13 11:01:35 ["pkil75b8a7uh2"] service NOTICE: Executing default SPARQL CONSTRUCT query
2025-01-13 11:01:35 ["pkil75b8a7uh2"] service NOTICE: Evaluating client SPARQL query against temporary graph...
2025-01-13 11:01:35 ["pkil75b8a7uh2"] service NOTICE: Sending response with Content-Type: application/sparql-results+json
2025-01-13 11:01:35 ["pkil75b8a7uh2"] service NOTICE: --------- Done - SPARQL ÂµS execution --------
2025-01-13 11:01:47 ["58jpnk54imn9t"] Context NOTICE: --------- Starting SPARQL micro-service --------
2025-01-13 11:01:47 ["58jpnk54imn9t"] service NOTICE: Query parameter (html special chars encoded) 'service': JO/getInfosStade
2025-01-13 11:01:47 ["58jpnk54imn9t"] service NOTICE: Query parameter (html special chars encoded) 'querymode': sparql
2025-01-13 11:01:47 ["58jpnk54imn9t"] Utils NOTICE: Query HTTP header "Content-Type": application/x-www-form-urlencoded
2025-01-13 11:01:47 ["58jpnk54imn9t"] Utils NOTICE: Query HTTP header "Accept": application/sparql-results+json,*/*;q=0.9
2025-01-13 11:01:47 ["58jpnk54imn9t"] service NOTICE: Client SPARQL query (html special chars encoded):
PREFIX rdf: &lt;http://www.w3.org/1999/02/22-rdf-syntax-ns#&gt;
PREFIX rdfs: &lt;http://www.w3.org/2000/01/rdf-schema#&gt;
SELECT * WHERE {
  ?sub ?pred ?obj .
}
2025-01-13 11:01:47 ["58jpnk54imn9t"] service NOTICE: Will query the Web API with arguments: Array
(
    [name] => "Stade de France"
)

2025-01-13 11:01:47 ["58jpnk54imn9t"] service NOTICE: Web API query string: https://equipements.sports.gouv.fr/api/explore/v2.1/catalog/datasets/data-es/records?where=inst_nom=%22Stade%20de%20France%22
2025-01-13 11:01:47 ["58jpnk54imn9t"] service NOTICE: Executing default SPARQL CONSTRUCT query
2025-01-13 11:01:48 ["58jpnk54imn9t"] service NOTICE: Evaluating client SPARQL query against temporary graph...
2025-01-13 11:01:48 ["58jpnk54imn9t"] service NOTICE: Sending response with Content-Type: application/sparql-results+json
2025-01-13 11:01:48 ["58jpnk54imn9t"] service NOTICE: --------- Done - SPARQL ÂµS execution --------
2025-01-13 11:01:51 ["st9q4tb92slmd"] Context NOTICE: --------- Starting SPARQL micro-service --------
2025-01-13 11:01:51 ["st9q4tb92slmd"] service NOTICE: Query parameter (html special chars encoded) 'service': JO/getInfosStade
2025-01-13 11:01:51 ["st9q4tb92slmd"] service NOTICE: Query parameter (html special chars encoded) 'querymode': sparql
2025-01-13 11:01:51 ["st9q4tb92slmd"] Utils NOTICE: Query HTTP header "Content-Type": application/x-www-form-urlencoded
2025-01-13 11:01:51 ["st9q4tb92slmd"] Utils NOTICE: Query HTTP header "Accept": application/sparql-results+json,*/*;q=0.9
2025-01-13 11:01:51 ["st9q4tb92slmd"] service NOTICE: Client SPARQL query (html special chars encoded):
PREFIX rdf: &lt;http://www.w3.org/1999/02/22-rdf-syntax-ns#&gt;
PREFIX rdfs: &lt;http://www.w3.org/2000/01/rdf-schema#&gt;
SELECT * WHERE {
  ?sub ?pred ?obj .
}
2025-01-13 11:01:51 ["st9q4tb92slmd"] service NOTICE: Will query the Web API with arguments: Array
(
    [name] => "Stade de France"
)

2025-01-13 11:01:51 ["st9q4tb92slmd"] service NOTICE: Web API query string: https://equipements.sports.gouv.fr/api/explore/v2.1/catalog/datasets/data-es/records?where=inst_nom=%22Stade%20de%20France%22
2025-01-13 11:01:52 ["st9q4tb92slmd"] service NOTICE: Executing default SPARQL CONSTRUCT query
2025-01-13 11:01:52 ["st9q4tb92slmd"] service NOTICE: Evaluating client SPARQL query against temporary graph...
2025-01-13 11:01:52 ["st9q4tb92slmd"] service NOTICE: Sending response with Content-Type: application/sparql-results+json
2025-01-13 11:01:52 ["st9q4tb92slmd"] service NOTICE: --------- Done - SPARQL ÂµS execution --------
2025-01-13 11:03:03 ["0rl5dvj29avbt"] Context NOTICE: --------- Starting SPARQL micro-service --------
2025-01-13 11:03:03 ["0rl5dvj29avbt"] service NOTICE: Query parameter (html special chars encoded) 'service': JO/getInfosStade
2025-01-13 11:03:03 ["0rl5dvj29avbt"] service NOTICE: Query parameter (html special chars encoded) 'querymode': sparql
2025-01-13 11:03:03 ["0rl5dvj29avbt"] Utils NOTICE: Query HTTP header "Content-Type" undefined.
2025-01-13 11:03:03 ["0rl5dvj29avbt"] Utils NOTICE: Query HTTP header "Accept": */*
2025-01-13 11:03:03 ["0rl5dvj29avbt"] service NOTICE: Client SPARQL query (html special chars encoded):
ASK {?x ?y ?z}
2025-01-13 11:03:03 ["0rl5dvj29avbt"] service NOTICE: Will query the Web API with arguments: Array
(
    [name] => "STADE DE FRANCE"
)

2025-01-13 11:03:03 ["0rl5dvj29avbt"] service NOTICE: Web API query string: https://equipements.sports.gouv.fr/api/explore/v2.1/catalog/datasets/data-es/records?where=inst_nom=%22STADE%20DE%20FRANCE%22
2025-01-13 11:03:07 ["0rl5dvj29avbt"] service NOTICE: Executing default SPARQL CONSTRUCT query
2025-01-13 11:03:08 ["0rl5dvj29avbt"] service NOTICE: Evaluating client SPARQL query against temporary graph...
2025-01-13 11:03:08 ["0rl5dvj29avbt"] service NOTICE: Sending response with Content-Type: application/sparql-results+xml
2025-01-13 11:03:08 ["0rl5dvj29avbt"] service NOTICE: --------- Done - SPARQL ÂµS execution --------
2025-01-13 11:03:15 ["v4vuab6j10654"] Context NOTICE: --------- Starting SPARQL micro-service --------
2025-01-13 11:03:15 ["v4vuab6j10654"] service NOTICE: Query parameter (html special chars encoded) 'service': JO/getInfosStade
2025-01-13 11:03:15 ["v4vuab6j10654"] service NOTICE: Query parameter (html special chars encoded) 'querymode': sparql
2025-01-13 11:03:15 ["v4vuab6j10654"] Utils NOTICE: Query HTTP header "Content-Type": application/x-www-form-urlencoded
2025-01-13 11:03:15 ["v4vuab6j10654"] Utils NOTICE: Query HTTP header "Accept": application/sparql-results+json,*/*;q=0.9
2025-01-13 11:03:15 ["v4vuab6j10654"] service NOTICE: Client SPARQL query (html special chars encoded):
PREFIX rdf: &lt;http://www.w3.org/1999/02/22-rdf-syntax-ns#&gt;
PREFIX rdfs: &lt;http://www.w3.org/2000/01/rdf-schema#&gt;
SELECT * WHERE {
  ?sub ?pred ?obj .
}
2025-01-13 11:03:15 ["v4vuab6j10654"] service NOTICE: Will query the Web API with arguments: Array
(
    [name] => "STADE DE FRANCE"
)

2025-01-13 11:03:15 ["v4vuab6j10654"] service NOTICE: Web API query string: https://equipements.sports.gouv.fr/api/explore/v2.1/catalog/datasets/data-es/records?where=inst_nom=%22STADE%20DE%20FRANCE%22
2025-01-13 11:03:15 ["v4vuab6j10654"] service NOTICE: Executing default SPARQL CONSTRUCT query
2025-01-13 11:03:16 ["v4vuab6j10654"] service NOTICE: Evaluating client SPARQL query against temporary graph...
2025-01-13 11:03:16 ["v4vuab6j10654"] service NOTICE: Sending response with Content-Type: application/sparql-results+json
2025-01-13 11:03:16 ["v4vuab6j10654"] service NOTICE: --------- Done - SPARQL ÂµS execution --------
2025-01-13 11:15:19 ["ppk7k1nu4hkck"] Context NOTICE: --------- Starting SPARQL micro-service --------
2025-01-13 11:15:19 ["ppk7k1nu4hkck"] service NOTICE: Query parameter (html special chars encoded) 'service': JO/getInfosStade
2025-01-13 11:15:19 ["ppk7k1nu4hkck"] service NOTICE: Query parameter (html special chars encoded) 'querymode': sparql
2025-01-13 11:15:19 ["ppk7k1nu4hkck"] Utils NOTICE: Query HTTP header "Content-Type": application/x-www-form-urlencoded
2025-01-13 11:15:19 ["ppk7k1nu4hkck"] Utils NOTICE: Query HTTP header "Accept": application/sparql-results+json,*/*;q=0.9
2025-01-13 11:15:19 ["ppk7k1nu4hkck"] service NOTICE: Client SPARQL query (html special chars encoded):
PREFIX rdf: &lt;http://www.w3.org/1999/02/22-rdf-syntax-ns#&gt;
PREFIX rdfs: &lt;http://www.w3.org/2000/01/rdf-schema#&gt;
SELECT * WHERE {
  ?sub ?pred ?obj .
}
2025-01-13 11:15:19 ["ppk7k1nu4hkck"] service NOTICE: Will query the Web API with arguments: Array
(
    [name] => "STADE DE FRANCE"
)

2025-01-13 11:15:19 ["ppk7k1nu4hkck"] service NOTICE: Web API query string: https://equipements.sports.gouv.fr/api/explore/v2.1/catalog/datasets/data-es/records?where=inst_nom=%22STADE%20DE%20FRANCE%22
2025-01-13 11:15:19 ["ppk7k1nu4hkck"] service NOTICE: Executing default SPARQL CONSTRUCT query
2025-01-13 11:15:19 ["ppk7k1nu4hkck"] service NOTICE: Evaluating client SPARQL query against temporary graph...
2025-01-13 11:15:19 ["ppk7k1nu4hkck"] service NOTICE: Sending response with Content-Type: application/sparql-results+json
2025-01-13 11:15:19 ["ppk7k1nu4hkck"] service NOTICE: --------- Done - SPARQL ÂµS execution --------
2025-01-13 11:15:22 ["usg44rfcukm5u"] Context NOTICE: --------- Starting SPARQL micro-service --------
2025-01-13 11:15:22 ["usg44rfcukm5u"] service NOTICE: Query parameter (html special chars encoded) 'service': JO/getInfosStade
2025-01-13 11:15:22 ["usg44rfcukm5u"] service NOTICE: Query parameter (html special chars encoded) 'querymode': sparql
2025-01-13 11:15:22 ["usg44rfcukm5u"] Utils NOTICE: Query HTTP header "Content-Type": application/x-www-form-urlencoded
2025-01-13 11:15:22 ["usg44rfcukm5u"] Utils NOTICE: Query HTTP header "Accept": application/sparql-results+json,*/*;q=0.9
2025-01-13 11:15:22 ["usg44rfcukm5u"] service NOTICE: Client SPARQL query (html special chars encoded):
PREFIX rdf: &lt;http://www.w3.org/1999/02/22-rdf-syntax-ns#&gt;
PREFIX rdfs: &lt;http://www.w3.org/2000/01/rdf-schema#&gt;
SELECT * WHERE {
  ?sub ?pred ?obj .
}
2025-01-13 11:15:22 ["usg44rfcukm5u"] service NOTICE: Will query the Web API with arguments: Array
(
    [name] => "STADE DE FRANCE"
)

2025-01-13 11:15:22 ["usg44rfcukm5u"] service NOTICE: Web API query string: https://equipements.sports.gouv.fr/api/explore/v2.1/catalog/datasets/data-es/records?where=inst_nom=%22STADE%20DE%20FRANCE%22
2025-01-13 11:15:22 ["usg44rfcukm5u"] service NOTICE: Executing default SPARQL CONSTRUCT query
2025-01-13 11:15:23 ["usg44rfcukm5u"] service NOTICE: Evaluating client SPARQL query against temporary graph...
2025-01-13 11:15:23 ["usg44rfcukm5u"] service NOTICE: Sending response with Content-Type: application/sparql-results+json
2025-01-13 11:15:23 ["usg44rfcukm5u"] service NOTICE: --------- Done - SPARQL ÂµS execution --------
2025-01-13 11:16:42 ["1enu9m8gduk42"] Context NOTICE: --------- Starting SPARQL micro-service --------
2025-01-13 11:16:42 ["1enu9m8gduk42"] service NOTICE: Query parameter (html special chars encoded) 'service': JO/getInfosStade
2025-01-13 11:16:42 ["1enu9m8gduk42"] service NOTICE: Query parameter (html special chars encoded) 'querymode': sparql
2025-01-13 11:16:42 ["1enu9m8gduk42"] Utils NOTICE: Query HTTP header "Content-Type": application/x-www-form-urlencoded
2025-01-13 11:16:42 ["1enu9m8gduk42"] Utils NOTICE: Query HTTP header "Accept": application/sparql-results+json,*/*;q=0.9
2025-01-13 11:16:42 ["1enu9m8gduk42"] service NOTICE: Client SPARQL query (html special chars encoded):
PREFIX rdf: &lt;http://www.w3.org/1999/02/22-rdf-syntax-ns#&gt;
PREFIX rdfs: &lt;http://www.w3.org/2000/01/rdf-schema#&gt;
SELECT * WHERE {
  ?sub ?pred ?obj .
}
2025-01-13 11:16:42 ["1enu9m8gduk42"] service NOTICE: Will query the Web API with arguments: Array
(
    [name] => "STADE DE FRANCE"
)

2025-01-13 11:16:42 ["1enu9m8gduk42"] service NOTICE: Web API query string: https://equipements.sports.gouv.fr/api/explore/v2.1/catalog/datasets/data-es/records?where=inst_nom=%22STADE%20DE%20FRANCE%22
2025-01-13 11:16:42 ["1enu9m8gduk42"] service NOTICE: Executing SPARQL CONSTRUCT query from file: /services/JO/getInfosStade/construct.sparql
2025-01-13 11:16:42 ["1enu9m8gduk42"] service NOTICE: Evaluating client SPARQL query against temporary graph...
2025-01-13 11:16:42 ["1enu9m8gduk42"] service NOTICE: Sending response with Content-Type: application/sparql-results+json
2025-01-13 11:16:42 ["1enu9m8gduk42"] service NOTICE: --------- Done - SPARQL ÂµS execution --------
